app/build/intermediates/manifest_merge_blame_file/debug/manifest-merger-blame-debug-report.txt
1<?xml version="1.0" encoding="utf-8"?>
2<manifest xmlns:android="http://schemas.android.com/apk/res/android"
3    package="com.neeraja.recipeapp"
4    android:versionCode="1"
5    android:versionName="1.0" >
6
7    <uses-sdk
8        android:minSdkVersion="21"
8-->src/main/AndroidManifest.xml
9        android:targetSdkVersion="30" />
9-->src/main/AndroidManifest.xml
10
11    <uses-permission android:name="android.permission.INTERNET" />
11-->src/main/AndroidManifest.xml:5:5-67
11-->src/main/AndroidManifest.xml:5:22-64
12    <uses-permission android:name="android.permission.ACCESS_NETWORK_STATE" />
12-->src/main/AndroidManifest.xml:6:5-79
12-->src/main/AndroidManifest.xml:6:22-76
13    <uses-permission android:name="android.permission.WRITE_EXTERNAL_STORAGE" />
14    <uses-permission android:name="android.permission.READ_PHONE_STATE" />
15    <uses-permission android:name="android.permission.READ_EXTERNAL_STORAGE" />
16
17    <application
17-->src/main/AndroidManifest.xml:8:5-27:19
18        android:name="com.neeraja.recipeapp.App"
18-->src/main/AndroidManifest.xml:9:9-28
19        android:allowBackup="true"
19-->src/main/AndroidManifest.xml:10:9-35
20        android:appComponentFactory="androidx.core.app.CoreComponentFactory"
20-->[androidx.core:core:1.3.2] AndroidManifest.xml:24:18-86
21        android:debuggable="true"
22        android:icon="@mipmap/ic_launcher"
22-->src/main/AndroidManifest.xml:11:9-43
23        android:label="@string/app_name"
23-->src/main/AndroidManifest.xml:12:9-41
24        android:networkSecurityConfig="@xml/network_security_config"
24-->src/main/AndroidManifest.xml:13:9-69
25        android:roundIcon="@mipmap/ic_launcher_round"
25-->src/main/AndroidManifest.xml:14:9-54
26        android:supportsRtl="true"
26-->src/main/AndroidManifest.xml:15:9-35
27        android:testOnly="true"
28        android:theme="@style/AppTheme"
28-->src/main/AndroidManifest.xml:16:9-40
29        android:usesCleartextTraffic="true" >
29-->src/main/AndroidManifest.xml:17:9-44
30        <activity android:name="com.neeraja.recipeapp.ui.view.activities.SplashActivity" >
30-->src/main/AndroidManifest.xml:18:9-25:20
30-->src/main/AndroidManifest.xml:18:19-68
31            <intent-filter>
31-->src/main/AndroidManifest.xml:19:13-23:29
32                <action android:name="android.intent.action.MAIN" />
32-->src/main/AndroidManifest.xml:20:17-69
32-->src/main/AndroidManifest.xml:20:25-66
33
34                <category android:name="android.intent.category.LAUNCHER" />
34-->src/main/AndroidManifest.xml:22:17-77
34-->src/main/AndroidManifest.xml:22:27-74
35            </intent-filter>
36        </activity>
37        <activity android:name="com.neeraja.recipeapp.ui.view.activities.HomeActivity" />
37-->src/main/AndroidManifest.xml:26:9-69
37-->src/main/AndroidManifest.xml:26:19-66
38
39        <provider
39-->[androidx.lifecycle:lifecycle-process:2.0.0] AndroidManifest.xml:23:9-27:43
40            android:name="androidx.lifecycle.ProcessLifecycleOwnerInitializer"
40-->[androidx.lifecycle:lifecycle-process:2.0.0] AndroidManifest.xml:24:13-79
41            android:authorities="com.neeraja.recipeapp.lifecycle-process"
41-->[androidx.lifecycle:lifecycle-process:2.0.0] AndroidManifest.xml:25:13-69
42            android:exported="false"
42-->[androidx.lifecycle:lifecycle-process:2.0.0] AndroidManifest.xml:26:13-37
43            android:multiprocess="true" />
43-->[androidx.lifecycle:lifecycle-process:2.0.0] AndroidManifest.xml:27:13-40
44    </application>
45
46</manifest>